c:\users\robzored\documents\job stuff\source-code-for-win32-examples\win32-simulator-msvc\examples\rtos_experiments\msvc\debug\vc143.pdb
c:\users\robzored\documents\job stuff\source-code-for-win32-examples\win32-simulator-msvc\examples\rtos_experiments\msvc\debug\vc143.idb
c:\users\robzored\documents\job stuff\source-code-for-win32-examples\win32-simulator-msvc\examples\rtos_experiments\msvc\debug\main.obj
c:\users\robzored\documents\job stuff\source-code-for-win32-examples\win32-simulator-msvc\examples\rtos_experiments\msvc\debug\supporting_functions.obj
c:\users\robzored\documents\job stuff\source-code-for-win32-examples\win32-simulator-msvc\examples\rtos_experiments\msvc\debug\tasks.obj
c:\users\robzored\documents\job stuff\source-code-for-win32-examples\win32-simulator-msvc\examples\rtos_experiments\msvc\debug\queue.obj
c:\users\robzored\documents\job stuff\source-code-for-win32-examples\win32-simulator-msvc\examples\rtos_experiments\msvc\debug\heap_4.obj
c:\users\robzored\documents\job stuff\source-code-for-win32-examples\win32-simulator-msvc\examples\rtos_experiments\msvc\debug\port.obj
c:\users\robzored\documents\job stuff\source-code-for-win32-examples\win32-simulator-msvc\examples\rtos_experiments\msvc\debug\list.obj
c:\users\robzored\documents\job stuff\source-code-for-win32-examples\win32-simulator-msvc\examples\rtos_experiments\msvc\debug\example001.ilk
c:\users\robzored\documents\job stuff\source-code-for-win32-examples\win32-simulator-msvc\debug\rtosexperiments.pdb
c:\users\robzored\documents\job stuff\source-code-for-win32-examples\win32-simulator-msvc\examples\rtos_experiments\msvc\debug\rtosexperiments.tlog\cl.command.1.tlog
c:\users\robzored\documents\job stuff\source-code-for-win32-examples\win32-simulator-msvc\examples\rtos_experiments\msvc\debug\rtosexperiments.tlog\cl.read.1.tlog
c:\users\robzored\documents\job stuff\source-code-for-win32-examples\win32-simulator-msvc\examples\rtos_experiments\msvc\debug\rtosexperiments.tlog\cl.write.1.tlog
c:\users\robzored\documents\job stuff\source-code-for-win32-examples\win32-simulator-msvc\examples\rtos_experiments\msvc\debug\rtosexperiments.tlog\link-cvtres.read.1.tlog
c:\users\robzored\documents\job stuff\source-code-for-win32-examples\win32-simulator-msvc\examples\rtos_experiments\msvc\debug\rtosexperiments.tlog\link-cvtres.write.1.tlog
c:\users\robzored\documents\job stuff\source-code-for-win32-examples\win32-simulator-msvc\examples\rtos_experiments\msvc\debug\rtosexperiments.tlog\link-rc.read.1.tlog
c:\users\robzored\documents\job stuff\source-code-for-win32-examples\win32-simulator-msvc\examples\rtos_experiments\msvc\debug\rtosexperiments.tlog\link-rc.write.1.tlog
c:\users\robzored\documents\job stuff\source-code-for-win32-examples\win32-simulator-msvc\examples\rtos_experiments\msvc\debug\rtosexperiments.tlog\link.30588-cvtres.read.1.tlog
c:\users\robzored\documents\job stuff\source-code-for-win32-examples\win32-simulator-msvc\examples\rtos_experiments\msvc\debug\rtosexperiments.tlog\link.30588-cvtres.write.1.tlog
c:\users\robzored\documents\job stuff\source-code-for-win32-examples\win32-simulator-msvc\examples\rtos_experiments\msvc\debug\rtosexperiments.tlog\link.30588-rc.read.1.tlog
c:\users\robzored\documents\job stuff\source-code-for-win32-examples\win32-simulator-msvc\examples\rtos_experiments\msvc\debug\rtosexperiments.tlog\link.30588-rc.write.1.tlog
c:\users\robzored\documents\job stuff\source-code-for-win32-examples\win32-simulator-msvc\examples\rtos_experiments\msvc\debug\rtosexperiments.tlog\link.30588.read.1.tlog
c:\users\robzored\documents\job stuff\source-code-for-win32-examples\win32-simulator-msvc\examples\rtos_experiments\msvc\debug\rtosexperiments.tlog\link.30588.write.1.tlog
c:\users\robzored\documents\job stuff\source-code-for-win32-examples\win32-simulator-msvc\examples\rtos_experiments\msvc\debug\rtosexperiments.tlog\link.command.1.tlog
c:\users\robzored\documents\job stuff\source-code-for-win32-examples\win32-simulator-msvc\examples\rtos_experiments\msvc\debug\rtosexperiments.tlog\link.read.1.tlog
c:\users\robzored\documents\job stuff\source-code-for-win32-examples\win32-simulator-msvc\examples\rtos_experiments\msvc\debug\rtosexperiments.tlog\link.write.1.tlog
